-- The C compiler identification is GNU 9.4.0
-- The CXX compiler identification is GNU 9.4.0
-- Check for working C compiler: /usr/bin/cc
-- Check for working C compiler: /usr/bin/cc -- works
-- Detecting C compiler ABI info
-- Detecting C compiler ABI info - done
-- Detecting C compile features
-- Detecting C compile features - done
-- Check for working CXX compiler: /usr/bin/c++
-- Check for working CXX compiler: /usr/bin/c++ -- works
-- Detecting CXX compiler ABI info
-- Detecting CXX compiler ABI info - done
-- Detecting CXX compile features
-- Detecting CXX compile features - done
-- Found OpenCV: /usr (found version "4.2.0") 
-- Found installed version of Eigen: /usr/lib/cmake/eigen3
-- Found required Ceres dependency: Eigen version 3.3.7 in /usr/include/eigen3
-- Found required Ceres dependency: glog
-- Found installed version of gflags: /usr/lib/x86_64-linux-gnu/cmake/gflags
-- Detected gflags version: 2.2.2
-- Found required Ceres dependency: gflags
-- Found Ceres version: 1.14.0 installed in: /usr with components: [EigenSparse, SparseLinearAlgebraLibrary, LAPACK, SuiteSparse, CXSparse, SchurSpecializations, OpenMP, Multithreading]
-- ------------------------------------------
-- --System:
--   SYSTEM_LIBRARIES: pthread;dl
--   SYSTEM_DEFINITIONS: -static-libstdc++;-static-libgcc;-DHAS_SYSTEM
-- ------------------------------------------
-- --OpenCV: VERSION 4.2.0
--   OPENCV_INCLUDES: /usr/include/opencv4
--   OPENCV_LIBRARIES: opencv_calib3d;opencv_core;opencv_dnn;opencv_features2d;opencv_flann;opencv_highgui;opencv_imgcodecs;opencv_imgproc;opencv_ml;opencv_objdetect;opencv_photo;opencv_stitching;opencv_video;opencv_videoio;opencv_aruco;opencv_bgsegm;opencv_bioinspired;opencv_ccalib;opencv_datasets;opencv_dnn_objdetect;opencv_dnn_superres;opencv_dpm;opencv_face;opencv_freetype;opencv_fuzzy;opencv_hdf;opencv_hfs;opencv_img_hash;opencv_line_descriptor;opencv_optflow;opencv_phase_unwrapping;opencv_plot;opencv_quality;opencv_reg;opencv_rgbd;opencv_saliency;opencv_shape;opencv_stereo;opencv_structured_light;opencv_superres;opencv_surface_matching;opencv_text;opencv_tracking;opencv_videostab;opencv_viz;opencv_ximgproc;opencv_xobjdetect;opencv_xphoto
--   OPENCV_DEFINITIONS: -DHAS_OPENCV
-- ------------------------------------------
-- --Ceres: VERSION 1.14.0
--   CERES_INCLUDES: /usr/include;/usr/include/eigen3;/usr/include
--   CERES_LIBRARIES: ceres
--   CERES_DEFINITIONS: -DHAS_CERES
-- The following targets will to be build:
-- LIBS():  libsummercamp.so
-- APPS(): 
-- C++ flags (Release):  -O3 -DNDEBUG
-- Configuring done
-- Generating done
-- Build files have been written to: /home/eric/桌面/summercamp/svar_summercamp/build/summercamp
[35m[1mScanning dependencies of target summercamp[0m
[ 16%] [32mBuilding CXX object CMakeFiles/summercamp.dir/src/gslam.cpp.o[0m
[ 50%] [32mBuilding CXX object CMakeFiles/summercamp.dir/src/plicp.cpp.o[0m
[ 50%] [32mBuilding CXX object CMakeFiles/summercamp.dir/src/simulate.cpp.o[0m
[ 66%] [32mBuilding CXX object CMakeFiles/summercamp.dir/src/tinytf.cpp.o[0m
[ 83%] [32mBuilding CXX object CMakeFiles/summercamp.dir/src/world.cpp.o[0m
[100%] [32m[1mLinking CXX shared library libsummercamp.so[0m
[100%] Built target summercamp
-- Install configuration: "Release"
-- Installing: /home/eric/桌面/summercamp/svar_summercamp/install/summercamp/lib/libsummercamp.so
-- Installing: /home/eric/桌面/summercamp/svar_summercamp/install/summercamp/bin/simulate
-- Installing: /home/eric/桌面/summercamp/svar_summercamp/install/summercamp/./data
-- Installing: /home/eric/桌面/summercamp/svar_summercamp/install/summercamp/./data/map.yaml
-- Installing: /home/eric/桌面/summercamp/svar_summercamp/install/summercamp/./data/C3.stl
-- Installing: /home/eric/桌面/summercamp/svar_summercamp/install/summercamp/./data/map.pgm
