[0.079s] Invoking command in '/home/eric/桌面/summercamp/svar_summercamp/build/summercamp': CONDA_PROMPT_MODIFIER=(ros2) /usr/bin/cmake /home/eric/桌面/summercamp/svar_summercamp -DCMAKE_INSTALL_PREFIX=/home/eric/桌面/summercamp/svar_summercamp/install/summercamp
[1.604s] -- The C compiler identification is GNU 9.4.0
[2.469s] -- The CXX compiler identification is GNU 9.4.0
[2.523s] -- Check for working C compiler: /usr/bin/cc
[2.660s] -- Check for working C compiler: /usr/bin/cc -- works
[2.662s] -- Detecting C compiler ABI info
[2.772s] -- Detecting C compiler ABI info - done
[2.784s] -- Detecting C compile features
[2.784s] -- Detecting C compile features - done
[2.788s] -- Check for working CXX compiler: /usr/bin/c++
[2.870s] -- Check for working CXX compiler: /usr/bin/c++ -- works
[2.871s] -- Detecting CXX compiler ABI info
[2.933s] -- Detecting CXX compiler ABI info - done
[2.943s] -- Detecting CXX compile features
[2.944s] -- Detecting CXX compile features - done
[3.043s] -- Found OpenCV: /usr (found version "4.2.0") 
[3.086s] -- Found installed version of Eigen: /usr/lib/cmake/eigen3
[3.099s] -- Found required Ceres dependency: Eigen version 3.3.7 in /usr/include/eigen3
[3.131s] -- Found required Ceres dependency: glog
[3.174s] -- Found installed version of gflags: /usr/lib/x86_64-linux-gnu/cmake/gflags
[3.174s] -- Detected gflags version: 2.2.2
[3.187s] -- Found required Ceres dependency: gflags
[3.190s] -- Found Ceres version: 1.14.0 installed in: /usr with components: [EigenSparse, SparseLinearAlgebraLibrary, LAPACK, SuiteSparse, CXSparse, SchurSpecializations, OpenMP, Multithreading]
[3.191s] -- ------------------------------------------
[3.191s] -- --System:
[3.192s] --   SYSTEM_LIBRARIES: pthread;dl
[3.192s] --   SYSTEM_DEFINITIONS: -static-libstdc++;-static-libgcc;-DHAS_SYSTEM
[3.192s] -- ------------------------------------------
[3.192s] -- --OpenCV: VERSION 4.2.0
[3.192s] --   OPENCV_INCLUDES: /usr/include/opencv4
[3.192s] --   OPENCV_LIBRARIES: opencv_calib3d;opencv_core;opencv_dnn;opencv_features2d;opencv_flann;opencv_highgui;opencv_imgcodecs;opencv_imgproc;opencv_ml;opencv_objdetect;opencv_photo;opencv_stitching;opencv_video;opencv_videoio;opencv_aruco;opencv_bgsegm;opencv_bioinspired;opencv_ccalib;opencv_datasets;opencv_dnn_objdetect;opencv_dnn_superres;opencv_dpm;opencv_face;opencv_freetype;opencv_fuzzy;opencv_hdf;opencv_hfs;opencv_img_hash;opencv_line_descriptor;opencv_optflow;opencv_phase_unwrapping;opencv_plot;opencv_quality;opencv_reg;opencv_rgbd;opencv_saliency;opencv_shape;opencv_stereo;opencv_structured_light;opencv_superres;opencv_surface_matching;opencv_text;opencv_tracking;opencv_videostab;opencv_viz;opencv_ximgproc;opencv_xobjdetect;opencv_xphoto
[3.192s] --   OPENCV_DEFINITIONS: -DHAS_OPENCV
[3.192s] -- ------------------------------------------
[3.193s] -- --Ceres: VERSION 1.14.0
[3.193s] --   CERES_INCLUDES: /usr/include;/usr/include/eigen3;/usr/include
[3.193s] --   CERES_LIBRARIES: ceres
[3.193s] --   CERES_DEFINITIONS: -DHAS_CERES
[3.196s] -- The following targets will to be build:
[3.196s] -- LIBS():  libsummercamp.so
[3.196s] -- APPS(): 
[3.196s] -- C++ flags (Release):  -O3 -DNDEBUG
[3.198s] -- Configuring done
[3.217s] -- Generating done
[3.218s] -- Build files have been written to: /home/eric/桌面/summercamp/svar_summercamp/build/summercamp
[3.222s] Invoked command in '/home/eric/桌面/summercamp/svar_summercamp/build/summercamp' returned '0': CONDA_PROMPT_MODIFIER=(ros2) /usr/bin/cmake /home/eric/桌面/summercamp/svar_summercamp -DCMAKE_INSTALL_PREFIX=/home/eric/桌面/summercamp/svar_summercamp/install/summercamp
[3.225s] Invoking command in '/home/eric/桌面/summercamp/svar_summercamp/build/summercamp': CONDA_PROMPT_MODIFIER=(ros2) /usr/bin/cmake --build /home/eric/桌面/summercamp/svar_summercamp/build/summercamp -- -j24 -l24
[3.253s] [35m[1mScanning dependencies of target summercamp[0m
[3.767s] [ 16%] [32mBuilding CXX object CMakeFiles/summercamp.dir/src/gslam.cpp.o[0m
[3.767s] [ 50%] [32mBuilding CXX object CMakeFiles/summercamp.dir/src/plicp.cpp.o[0m
[3.767s] [ 50%] [32mBuilding CXX object CMakeFiles/summercamp.dir/src/simulate.cpp.o[0m
[3.767s] [ 66%] [32mBuilding CXX object CMakeFiles/summercamp.dir/src/tinytf.cpp.o[0m
[3.767s] [ 83%] [32mBuilding CXX object CMakeFiles/summercamp.dir/src/world.cpp.o[0m
[4.428s] In file included from [01m[K/home/eric/桌面/summercamp/svar_summercamp/src/GSLAM/core/GSLAM.h:55[m[K,
[4.428s]                  from [01m[K/home/eric/桌面/summercamp/svar_summercamp/src/plicp.cpp:2[m[K:
[4.428s] [01m[K/home/eric/桌面/summercamp/svar_summercamp/src/GSLAM/core/Glog.h:529:[m[K [01;35m[Kwarning: [m[K"LOG_IF" redefined
[4.428s]   529 | #define LOG_IF(severity, condition) \
[4.429s]       | 
[4.429s] In file included from [01m[K/usr/include/ceres/internal/fixed_array.h:39[m[K,
[4.429s]                  from [01m[K/usr/include/ceres/internal/autodiff.h:147[m[K,
[4.429s]                  from [01m[K/usr/include/ceres/autodiff_cost_function.h:132[m[K,
[4.429s]                  from [01m[K/usr/include/ceres/ceres.h:37[m[K,
[4.429s]                  from [01m[K/home/eric/桌面/summercamp/svar_summercamp/src/plicp.cpp:1[m[K:
[4.429s] [01m[K/usr/include/glog/logging.h:570:[m[K [01;36m[Knote: [m[Kthis is the location of the previous definition
[4.429s]   570 | #define LOG_IF(severity, condition) \
[4.429s]       | 
[4.430s] In file included from [01m[K/home/eric/桌面/summercamp/svar_summercamp/src/GSLAM/core/GSLAM.h:55[m[K,
[4.430s]                  from [01m[K/home/eric/桌面/summercamp/svar_summercamp/src/plicp.cpp:2[m[K:
[4.430s] [01m[K/home/eric/桌面/summercamp/svar_summercamp/src/GSLAM/core/Glog.h:546:[m[K [01;35m[Kwarning: [m[K"VLOG" redefined
[4.430s]   546 | #  define VLOG(n) MessageLogger((char *)__FILE__, __LINE__, "native", n).stream()    // NOLINT
[4.430s]       | 
[4.430s] In file included from [01m[K/usr/include/ceres/internal/fixed_array.h:39[m[K,
[4.430s]                  from [01m[K/usr/include/ceres/internal/autodiff.h:147[m[K,
[4.430s]                  from [01m[K/usr/include/ceres/autodiff_cost_function.h:132[m[K,
[4.430s]                  from [01m[K/usr/include/ceres/ceres.h:37[m[K,
[4.430s]                  from [01m[K/home/eric/桌面/summercamp/svar_summercamp/src/plicp.cpp:1[m[K:
[4.430s] [01m[K/usr/include/glog/logging.h:1098:[m[K [01;36m[Knote: [m[Kthis is the location of the previous definition
[4.430s]  1098 | #define VLOG(verboselevel) LOG_IF(INFO, VLOG_IS_ON(verboselevel))
[4.430s]       | 
[4.430s] In file included from [01m[K/home/eric/桌面/summercamp/svar_summercamp/src/GSLAM/core/GSLAM.h:55[m[K,
[4.430s]                  from [01m[K/home/eric/桌面/summercamp/svar_summercamp/src/plicp.cpp:2[m[K:
[4.430s] [01m[K/home/eric/桌面/summercamp/svar_summercamp/src/GSLAM/core/Glog.h:548:[m[K [01;35m[Kwarning: [m[K"VLOG_IF" redefined
[4.430s]   548 | #  define VLOG_IF(n, condition) LOG_IF(n, condition)
[4.430s]       | 
[4.430s] In file included from [01m[K/usr/include/ceres/internal/fixed_array.h:39[m[K,
[4.430s]                  from [01m[K/usr/include/ceres/internal/autodiff.h:147[m[K,
[4.431s]                  from [01m[K/usr/include/ceres/autodiff_cost_function.h:132[m[K,
[4.431s]                  from [01m[K/usr/include/ceres/ceres.h:37[m[K,
[4.431s]                  from [01m[K/home/eric/桌面/summercamp/svar_summercamp/src/plicp.cpp:1[m[K:
[4.431s] [01m[K/usr/include/glog/logging.h:1100:[m[K [01;36m[Knote: [m[Kthis is the location of the previous definition
[4.431s]  1100 | #define VLOG_IF(verboselevel, condition) \
[4.431s]       | 
[4.431s] In file included from [01m[K/home/eric/桌面/summercamp/svar_summercamp/src/GSLAM/core/GSLAM.h:55[m[K,
[4.431s]                  from [01m[K/home/eric/桌面/summercamp/svar_summercamp/src/plicp.cpp:2[m[K:
[4.431s] [01m[K/home/eric/桌面/summercamp/svar_summercamp/src/GSLAM/core/Glog.h:553:[m[K [01;35m[Kwarning: [m[K"VLOG_IS_ON" redefined
[4.431s]   553 | #  define VLOG_IS_ON(x) (1)
[4.431s]       | 
[4.431s] In file included from [01m[K/usr/include/glog/logging.h:513[m[K,
[4.431s]                  from [01m[K/usr/include/ceres/internal/fixed_array.h:39[m[K,
[4.431s]                  from [01m[K/usr/include/ceres/internal/autodiff.h:147[m[K,
[4.431s]                  from [01m[K/usr/include/ceres/autodiff_cost_function.h:132[m[K,
[4.431s]                  from [01m[K/usr/include/ceres/ceres.h:37[m[K,
[4.431s]                  from [01m[K/home/eric/桌面/summercamp/svar_summercamp/src/plicp.cpp:1[m[K:
[4.431s] [01m[K/usr/include/glog/vlog_is_on.h:82:[m[K [01;36m[Knote: [m[Kthis is the location of the previous definition
[4.431s]    82 | #define VLOG_IS_ON(verboselevel)                                \
[4.431s]       | 
[4.431s] In file included from [01m[K/home/eric/桌面/summercamp/svar_summercamp/src/GSLAM/core/GSLAM.h:55[m[K,
[4.432s]                  from [01m[K/home/eric/桌面/summercamp/svar_summercamp/src/plicp.cpp:2[m[K:
[4.432s] [01m[K/home/eric/桌面/summercamp/svar_summercamp/src/GSLAM/core/Glog.h:561:[m[K [01;35m[Kwarning: [m[K"DLOG" redefined
[4.432s]   561 | #  define DLOG(severity) true ? (void) 0 : LoggerVoidify() & \
[4.432s]       | 
[4.432s] In file included from [01m[K/usr/include/ceres/internal/fixed_array.h:39[m[K,
[4.432s]                  from [01m[K/usr/include/ceres/internal/autodiff.h:147[m[K,
[4.432s]                  from [01m[K/usr/include/ceres/autodiff_cost_function.h:132[m[K,
[4.432s]                  from [01m[K/usr/include/ceres/ceres.h:37[m[K,
[4.432s]                  from [01m[K/home/eric/桌面/summercamp/svar_summercamp/src/plicp.cpp:1[m[K:
[4.432s] [01m[K/usr/include/glog/logging.h:1009:[m[K [01;36m[Knote: [m[Kthis is the location of the previous definition
[4.432s]  1009 | #define DLOG(severity)  \
[4.432s]       | 
[4.432s] In file included from [01m[K/home/eric/桌面/summercamp/svar_summercamp/src/GSLAM/core/GSLAM.h:55[m[K,
[4.432s]                  from [01m[K/home/eric/桌面/summercamp/svar_summercamp/src/plicp.cpp:2[m[K:
[4.432s] [01m[K/home/eric/桌面/summercamp/svar_summercamp/src/GSLAM/core/Glog.h:576:[m[K [01;35m[Kwarning: [m[K"CHECK" redefined
[4.432s]   576 | #define CHECK(condition) LOG_IF_FALSE(FATAL, condition) \
[4.432s]       | 
[4.432s] In file included from [01m[K/usr/include/ceres/internal/fixed_array.h:39[m[K,
[4.432s]                  from [01m[K/usr/include/ceres/internal/autodiff.h:147[m[K,
[4.432s]                  from [01m[K/usr/include/ceres/autodiff_cost_function.h:132[m[K,
[4.433s]                  from [01m[K/usr/include/ceres/ceres.h:37[m[K,
[4.433s]                  from [01m[K/home/eric/桌面/summercamp/svar_summercamp/src/plicp.cpp:1[m[K:
[4.433s] [01m[K/usr/include/glog/logging.h:586:[m[K [01;36m[Knote: [m[Kthis is the location of the previous definition
[4.433s]   586 | #define CHECK(condition)  \
[4.433s]       | 
[4.433s] In file included from [01m[K/home/eric/桌面/summercamp/svar_summercamp/src/GSLAM/core/GSLAM.h:55[m[K,
[4.433s]                  from [01m[K/home/eric/桌面/summercamp/svar_summercamp/src/plicp.cpp:2[m[K:
[4.433s] [01m[K/home/eric/桌面/summercamp/svar_summercamp/src/GSLAM/core/Glog.h:585:[m[K [01;35m[Kwarning: [m[K"DCHECK" redefined
[4.433s]   585 | #  define DCHECK(condition) if (false) LOG_IF_FALSE(FATAL, condition) \
[4.433s]       | 
[4.433s] In file included from [01m[K/usr/include/ceres/internal/fixed_array.h:39[m[K,
[4.433s]                  from [01m[K/usr/include/ceres/internal/autodiff.h:147[m[K,
[4.433s]                  from [01m[K/usr/include/ceres/autodiff_cost_function.h:132[m[K,
[4.433s]                  from [01m[K/usr/include/ceres/ceres.h:37[m[K,
[4.433s]                  from [01m[K/home/eric/桌面/summercamp/svar_summercamp/src/plicp.cpp:1[m[K:
[4.433s] [01m[K/usr/include/glog/logging.h:1035:[m[K [01;36m[Knote: [m[Kthis is the location of the previous definition
[4.433s]  1035 | #define DCHECK(condition) \
[4.433s]       | 
[4.433s] In file included from [01m[K/home/eric/桌面/summercamp/svar_summercamp/src/GSLAM/core/GSLAM.h:55[m[K,
[4.433s]                  from [01m[K/home/eric/桌面/summercamp/svar_summercamp/src/plicp.cpp:2[m[K:
[4.434s] [01m[K/home/eric/桌面/summercamp/svar_summercamp/src/GSLAM/core/Glog.h:593:[m[K [01;35m[Kwarning: [m[K"CHECK_OP" redefined
[4.434s]   593 | #define CHECK_OP(val1, val2, op) LOG_IF_FALSE(FATAL, ((val1) op (val2))) \
[4.434s]       | 
[4.434s] In file included from [01m[K/usr/include/ceres/internal/fixed_array.h:39[m[K,
[4.434s]                  from [01m[K/usr/include/ceres/internal/autodiff.h:147[m[K,
[4.434s]                  from [01m[K/usr/include/ceres/autodiff_cost_function.h:132[m[K,
[4.434s]                  from [01m[K/usr/include/ceres/ceres.h:37[m[K,
[4.434s]                  from [01m[K/home/eric/桌面/summercamp/svar_summercamp/src/plicp.cpp:1[m[K:
[4.434s] [01m[K/usr/include/glog/logging.h:765:[m[K [01;36m[Knote: [m[Kthis is the location of the previous definition
[4.434s]   765 | #define CHECK_OP(name, op, val1, val2) \
[4.434s]       | 
[4.434s] In file included from [01m[K/home/eric/桌面/summercamp/svar_summercamp/src/GSLAM/core/GSLAM.h:55[m[K,
[4.434s]                  from [01m[K/home/eric/桌面/summercamp/svar_summercamp/src/plicp.cpp:2[m[K:
[4.434s] [01m[K/home/eric/桌面/summercamp/svar_summercamp/src/GSLAM/core/Glog.h:597:[m[K [01;35m[Kwarning: [m[K"CHECK_EQ" redefined
[4.434s]   597 | #define CHECK_EQ(val1, val2) CHECK_OP(val1, val2, ==)
[4.434s]       | 
[4.434s] In file included from [01m[K/usr/include/ceres/internal/fixed_array.h:39[m[K,
[4.434s]                  from [01m[K/usr/include/ceres/internal/autodiff.h:147[m[K,
[4.434s]                  from [01m[K/usr/include/ceres/autodiff_cost_function.h:132[m[K,
[4.434s]                  from [01m[K/usr/include/ceres/ceres.h:37[m[K,
[4.434s]                  from [01m[K/home/eric/桌面/summercamp/svar_summercamp/src/plicp.cpp:1[m[K:
[4.434s] [01m[K/usr/include/glog/logging.h:790:[m[K [01;36m[Knote: [m[Kthis is the location of the previous definition
[4.435s]   790 | #define CHECK_EQ(val1, val2) CHECK_OP(_EQ, ==, val1, val2)
[4.435s]       | 
[4.435s] In file included from [01m[K/home/eric/桌面/summercamp/svar_summercamp/src/GSLAM/core/GSLAM.h:55[m[K,
[4.435s]                  from [01m[K/home/eric/桌面/summercamp/svar_summercamp/src/plicp.cpp:2[m[K:
[4.435s] [01m[K/home/eric/桌面/summercamp/svar_summercamp/src/GSLAM/core/Glog.h:598:[m[K [01;35m[Kwarning: [m[K"CHECK_NE" redefined
[4.435s]   598 | #define CHECK_NE(val1, val2) CHECK_OP(val1, val2, !=)
[4.435s]       | 
[4.435s] In file included from [01m[K/usr/include/ceres/internal/fixed_array.h:39[m[K,
[4.435s]                  from [01m[K/usr/include/ceres/internal/autodiff.h:147[m[K,
[4.435s]                  from [01m[K/usr/include/ceres/autodiff_cost_function.h:132[m[K,
[4.435s]                  from [01m[K/usr/include/ceres/ceres.h:37[m[K,
[4.435s]                  from [01m[K/home/eric/桌面/summercamp/svar_summercamp/src/plicp.cpp:1[m[K:
[4.435s] [01m[K/usr/include/glog/logging.h:791:[m[K [01;36m[Knote: [m[Kthis is the location of the previous definition
[4.435s]   791 | #define CHECK_NE(val1, val2) CHECK_OP(_NE, !=, val1, val2)
[4.435s]       | 
[4.435s] In file included from [01m[K/home/eric/桌面/summercamp/svar_summercamp/src/GSLAM/core/GSLAM.h:55[m[K,
[4.435s]                  from [01m[K/home/eric/桌面/summercamp/svar_summercamp/src/plicp.cpp:2[m[K:
[4.435s] [01m[K/home/eric/桌面/summercamp/svar_summercamp/src/GSLAM/core/Glog.h:599:[m[K [01;35m[Kwarning: [m[K"CHECK_LE" redefined
[4.435s]   599 | #define CHECK_LE(val1, val2) CHECK_OP(val1, val2, <=)
[4.435s]       | 
[4.435s] In file included from [01m[K/usr/include/ceres/internal/fixed_array.h:39[m[K,
[4.435s]                  from [01m[K/usr/include/ceres/internal/autodiff.h:147[m[K,
[4.435s]                  from [01m[K/usr/include/ceres/autodiff_cost_function.h:132[m[K,
[4.435s]                  from [01m[K/usr/include/ceres/ceres.h:37[m[K,
[4.435s]                  from [01m[K/home/eric/桌面/summercamp/svar_summercamp/src/plicp.cpp:1[m[K:
[4.435s] [01m[K/usr/include/glog/logging.h:792:[m[K [01;36m[Knote: [m[Kthis is the location of the previous definition
[4.435s]   792 | #define CHECK_LE(val1, val2) CHECK_OP(_LE, <=, val1, val2)
[4.435s]       | 
[4.435s] In file included from [01m[K/home/eric/桌面/summercamp/svar_summercamp/src/GSLAM/core/GSLAM.h:55[m[K,
[4.435s]                  from [01m[K/home/eric/桌面/summercamp/svar_summercamp/src/plicp.cpp:2[m[K:
[4.435s] [01m[K/home/eric/桌面/summercamp/svar_summercamp/src/GSLAM/core/Glog.h:600:[m[K [01;35m[Kwarning: [m[K"CHECK_LT" redefined
[4.435s]   600 | #define CHECK_LT(val1, val2) CHECK_OP(val1, val2, <)
[4.435s]       | 
[4.435s] In file included from [01m[K/usr/include/ceres/internal/fixed_array.h:39[m[K,
[4.435s]                  from [01m[K/usr/include/ceres/internal/autodiff.h:147[m[K,
[4.435s]                  from [01m[K/usr/include/ceres/autodiff_cost_function.h:132[m[K,
[4.435s]                  from [01m[K/usr/include/ceres/ceres.h:37[m[K,
[4.435s]                  from [01m[K/home/eric/桌面/summercamp/svar_summercamp/src/plicp.cpp:1[m[K:
[4.435s] [01m[K/usr/include/glog/logging.h:793:[m[K [01;36m[Knote: [m[Kthis is the location of the previous definition
[4.435s]   793 | #define CHECK_LT(val1, val2) CHECK_OP(_LT, < , val1, val2)
[4.435s]       | 
[4.435s] In file included from [01m[K/home/eric/桌面/summercamp/svar_summercamp/src/GSLAM/core/GSLAM.h:55[m[K,
[4.435s]                  from [01m[K/home/eric/桌面/summercamp/svar_summercamp/src/plicp.cpp:2[m[K:
[4.435s] [01m[K/home/eric/桌面/summercamp/svar_summercamp/src/GSLAM/core/Glog.h:601:[m[K [01;35m[Kwarning: [m[K"CHECK_GE" redefined
[4.435s]   601 | #define CHECK_GE(val1, val2) CHECK_OP(val1, val2, >=)
[4.435s]       | 
[4.435s] In file included from [01m[K/usr/include/ceres/internal/fixed_array.h:39[m[K,
[4.436s]                  from [01m[K/usr/include/ceres/internal/autodiff.h:147[m[K,
[4.436s]                  from [01m[K/usr/include/ceres/autodiff_cost_function.h:132[m[K,
[4.436s]                  from [01m[K/usr/include/ceres/ceres.h:37[m[K,
[4.436s]                  from [01m[K/home/eric/桌面/summercamp/svar_summercamp/src/plicp.cpp:1[m[K:
[4.436s] [01m[K/usr/include/glog/logging.h:794:[m[K [01;36m[Knote: [m[Kthis is the location of the previous definition
[4.436s]   794 | #define CHECK_GE(val1, val2) CHECK_OP(_GE, >=, val1, val2)
[4.436s]       | 
[4.436s] In file included from [01m[K/home/eric/桌面/summercamp/svar_summercamp/src/GSLAM/core/GSLAM.h:55[m[K,
[4.436s]                  from [01m[K/home/eric/桌面/summercamp/svar_summercamp/src/plicp.cpp:2[m[K:
[4.436s] [01m[K/home/eric/桌面/summercamp/svar_summercamp/src/GSLAM/core/Glog.h:602:[m[K [01;35m[Kwarning: [m[K"CHECK_GT" redefined
[4.436s]   602 | #define CHECK_GT(val1, val2) CHECK_OP(val1, val2, >)
[4.436s]       | 
[4.436s] In file included from [01m[K/usr/include/ceres/internal/fixed_array.h:39[m[K,
[4.436s]                  from [01m[K/usr/include/ceres/internal/autodiff.h:147[m[K,
[4.436s]                  from [01m[K/usr/include/ceres/autodiff_cost_function.h:132[m[K,
[4.436s]                  from [01m[K/usr/include/ceres/ceres.h:37[m[K,
[4.436s]                  from [01m[K/home/eric/桌面/summercamp/svar_summercamp/src/plicp.cpp:1[m[K:
[4.436s] [01m[K/usr/include/glog/logging.h:795:[m[K [01;36m[Knote: [m[Kthis is the location of the previous definition
[4.436s]   795 | #define CHECK_GT(val1, val2) CHECK_OP(_GT, > , val1, val2)
[4.436s]       | 
[4.436s] In file included from [01m[K/home/eric/桌面/summercamp/svar_summercamp/src/GSLAM/core/GSLAM.h:55[m[K,
[4.436s]                  from [01m[K/home/eric/桌面/summercamp/svar_summercamp/src/plicp.cpp:2[m[K:
[4.436s] [01m[K/home/eric/桌面/summercamp/svar_summercamp/src/GSLAM/core/Glog.h:614:[m[K [01;35m[Kwarning: [m[K"DCHECK_EQ" redefined
[4.436s]   614 | #  define DCHECK_EQ(val1, val2) if (false) CHECK_OP(val1, val2, ==)
[4.436s]       | 
[4.436s] In file included from [01m[K/usr/include/ceres/internal/fixed_array.h:39[m[K,
[4.436s]                  from [01m[K/usr/include/ceres/internal/autodiff.h:147[m[K,
[4.436s]                  from [01m[K/usr/include/ceres/autodiff_cost_function.h:132[m[K,
[4.436s]                  from [01m[K/usr/include/ceres/ceres.h:37[m[K,
[4.436s]                  from [01m[K/home/eric/桌面/summercamp/svar_summercamp/src/plicp.cpp:1[m[K:
[4.436s] [01m[K/usr/include/glog/logging.h:1040:[m[K [01;36m[Knote: [m[Kthis is the location of the previous definition
[4.436s]  1040 | #define DCHECK_EQ(val1, val2) \
[4.436s]       | 
[4.436s] In file included from [01m[K/home/eric/桌面/summercamp/svar_summercamp/src/GSLAM/core/GSLAM.h:55[m[K,
[4.436s]                  from [01m[K/home/eric/桌面/summercamp/svar_summercamp/src/plicp.cpp:2[m[K:
[4.436s] [01m[K/home/eric/桌面/summercamp/svar_summercamp/src/GSLAM/core/Glog.h:615:[m[K [01;35m[Kwarning: [m[K"DCHECK_NE" redefined
[4.436s]   615 | #  define DCHECK_NE(val1, val2) if (false) CHECK_OP(val1, val2, !=)
[4.436s]       | 
[4.436s] In file included from [01m[K/usr/include/ceres/internal/fixed_array.h:39[m[K,
[4.436s]                  from [01m[K/usr/include/ceres/internal/autodiff.h:147[m[K,
[4.436s]                  from [01m[K/usr/include/ceres/autodiff_cost_function.h:132[m[K,
[4.436s]                  from [01m[K/usr/include/ceres/ceres.h:37[m[K,
[4.436s]                  from [01m[K/home/eric/桌面/summercamp/svar_summercamp/src/plicp.cpp:1[m[K:
[4.436s] [01m[K/usr/include/glog/logging.h:1045:[m[K [01;36m[Knote: [m[Kthis is the location of the previous definition
[4.436s]  1045 | #define DCHECK_NE(val1, val2) \
[4.436s]       | 
[4.437s] In file included from [01m[K/home/eric/桌面/summercamp/svar_summercamp/src/GSLAM/core/GSLAM.h:55[m[K,
[4.437s]                  from [01m[K/home/eric/桌面/summercamp/svar_summercamp/src/plicp.cpp:2[m[K:
[4.437s] [01m[K/home/eric/桌面/summercamp/svar_summercamp/src/GSLAM/core/Glog.h:616:[m[K [01;35m[Kwarning: [m[K"DCHECK_LE" redefined
[4.437s]   616 | #  define DCHECK_LE(val1, val2) if (false) CHECK_OP(val1, val2, <=)
[4.437s]       | 
[4.437s] In file included from [01m[K/usr/include/ceres/internal/fixed_array.h:39[m[K,
[4.437s]                  from [01m[K/usr/include/ceres/internal/autodiff.h:147[m[K,
[4.437s]                  from [01m[K/usr/include/ceres/autodiff_cost_function.h:132[m[K,
[4.437s]                  from [01m[K/usr/include/ceres/ceres.h:37[m[K,
[4.437s]                  from [01m[K/home/eric/桌面/summercamp/svar_summercamp/src/plicp.cpp:1[m[K:
[4.437s] [01m[K/usr/include/glog/logging.h:1050:[m[K [01;36m[Knote: [m[Kthis is the location of the previous definition
[4.437s]  1050 | #define DCHECK_LE(val1, val2) \
[4.437s]       | 
[4.437s] In file included from [01m[K/home/eric/桌面/summercamp/svar_summercamp/src/GSLAM/core/GSLAM.h:55[m[K,
[4.437s]                  from [01m[K/home/eric/桌面/summercamp/svar_summercamp/src/plicp.cpp:2[m[K:
[4.437s] [01m[K/home/eric/桌面/summercamp/svar_summercamp/src/GSLAM/core/Glog.h:617:[m[K [01;35m[Kwarning: [m[K"DCHECK_LT" redefined
[4.437s]   617 | #  define DCHECK_LT(val1, val2) if (false) CHECK_OP(val1, val2, <)
[4.437s]       | 
[4.437s] In file included from [01m[K/usr/include/ceres/internal/fixed_array.h:39[m[K,
[4.437s]                  from [01m[K/usr/include/ceres/internal/autodiff.h:147[m[K,
[4.437s]                  from [01m[K/usr/include/ceres/autodiff_cost_function.h:132[m[K,
[4.437s]                  from [01m[K/usr/include/ceres/ceres.h:37[m[K,
[4.437s]                  from [01m[K/home/eric/桌面/summercamp/svar_summercamp/src/plicp.cpp:1[m[K:
[4.437s] [01m[K/usr/include/glog/logging.h:1055:[m[K [01;36m[Knote: [m[Kthis is the location of the previous definition
[4.437s]  1055 | #define DCHECK_LT(val1, val2) \
[4.437s]       | 
[4.437s] In file included from [01m[K/home/eric/桌面/summercamp/svar_summercamp/src/GSLAM/core/GSLAM.h:55[m[K,
[4.437s]                  from [01m[K/home/eric/桌面/summercamp/svar_summercamp/src/plicp.cpp:2[m[K:
[4.437s] [01m[K/home/eric/桌面/summercamp/svar_summercamp/src/GSLAM/core/Glog.h:618:[m[K [01;35m[Kwarning: [m[K"DCHECK_GE" redefined
[4.437s]   618 | #  define DCHECK_GE(val1, val2) if (false) CHECK_OP(val1, val2, >=)
[4.437s]       | 
[4.437s] In file included from [01m[K/usr/include/ceres/internal/fixed_array.h:39[m[K,
[4.437s]                  from [01m[K/usr/include/ceres/internal/autodiff.h:147[m[K,
[4.437s]                  from [01m[K/usr/include/ceres/autodiff_cost_function.h:132[m[K,
[4.437s]                  from [01m[K/usr/include/ceres/ceres.h:37[m[K,
[4.437s]                  from [01m[K/home/eric/桌面/summercamp/svar_summercamp/src/plicp.cpp:1[m[K:
[4.437s] [01m[K/usr/include/glog/logging.h:1060:[m[K [01;36m[Knote: [m[Kthis is the location of the previous definition
[4.437s]  1060 | #define DCHECK_GE(val1, val2) \
[4.437s]       | 
[4.437s] In file included from [01m[K/home/eric/桌面/summercamp/svar_summercamp/src/GSLAM/core/GSLAM.h:55[m[K,
[4.437s]                  from [01m[K/home/eric/桌面/summercamp/svar_summercamp/src/plicp.cpp:2[m[K:
[4.437s] [01m[K/home/eric/桌面/summercamp/svar_summercamp/src/GSLAM/core/Glog.h:619:[m[K [01;35m[Kwarning: [m[K"DCHECK_GT" redefined
[4.438s]   619 | #  define DCHECK_GT(val1, val2) if (false) CHECK_OP(val1, val2, >)
[4.438s]       | 
[4.438s] In file included from [01m[K/usr/include/ceres/internal/fixed_array.h:39[m[K,
[4.438s]                  from [01m[K/usr/include/ceres/internal/autodiff.h:147[m[K,
[4.438s]                  from [01m[K/usr/include/ceres/autodiff_cost_function.h:132[m[K,
[4.438s]                  from [01m[K/usr/include/ceres/ceres.h:37[m[K,
[4.438s]                  from [01m[K/home/eric/桌面/summercamp/svar_summercamp/src/plicp.cpp:1[m[K:
[4.438s] [01m[K/usr/include/glog/logging.h:1065:[m[K [01;36m[Knote: [m[Kthis is the location of the previous definition
[4.438s]  1065 | #define DCHECK_GT(val1, val2) \
[4.438s]       | 
[4.438s] In file included from [01m[K/home/eric/桌面/summercamp/svar_summercamp/src/GSLAM/core/GSLAM.h:55[m[K,
[4.438s]                  from [01m[K/home/eric/桌面/summercamp/svar_summercamp/src/plicp.cpp:2[m[K:
[4.438s] [01m[K/home/eric/桌面/summercamp/svar_summercamp/src/GSLAM/core/Glog.h:645:[m[K [01;35m[Kwarning: [m[K"CHECK_NOTNULL" redefined
[4.438s]   645 | #define CHECK_NOTNULL(val) \
[4.438s]       | 
[4.438s] In file included from [01m[K/usr/include/ceres/internal/fixed_array.h:39[m[K,
[4.438s]                  from [01m[K/usr/include/ceres/internal/autodiff.h:147[m[K,
[4.438s]                  from [01m[K/usr/include/ceres/autodiff_cost_function.h:132[m[K,
[4.438s]                  from [01m[K/usr/include/ceres/ceres.h:37[m[K,
[4.438s]                  from [01m[K/home/eric/桌面/summercamp/svar_summercamp/src/plicp.cpp:1[m[K:
[4.438s] [01m[K/usr/include/glog/logging.h:800:[m[K [01;36m[Knote: [m[Kthis is the location of the previous definition
[4.438s]   800 | #define CHECK_NOTNULL(val) \
[4.438s]       | 
[4.438s] In file included from [01m[K/home/eric/桌面/summercamp/svar_summercamp/src/GSLAM/core/GSLAM.h:55[m[K,
[4.438s]                  from [01m[K/home/eric/桌面/summercamp/svar_summercamp/src/plicp.cpp:2[m[K:
[4.438s] [01m[K/home/eric/桌面/summercamp/svar_summercamp/src/GSLAM/core/Glog.h:654:[m[K [01;35m[Kwarning: [m[K"DCHECK_NOTNULL" redefined
[4.438s]   654 | #define DCHECK_NOTNULL(val) if (false)\
[4.438s]       | 
[4.438s] In file included from [01m[K/usr/include/ceres/internal/fixed_array.h:39[m[K,
[4.438s]                  from [01m[K/usr/include/ceres/internal/autodiff.h:147[m[K,
[4.438s]                  from [01m[K/usr/include/ceres/autodiff_cost_function.h:132[m[K,
[4.438s]                  from [01m[K/usr/include/ceres/ceres.h:37[m[K,
[4.438s]                  from [01m[K/home/eric/桌面/summercamp/svar_summercamp/src/plicp.cpp:1[m[K:
[4.438s] [01m[K/usr/include/glog/logging.h:1072:[m[K [01;36m[Knote: [m[Kthis is the location of the previous definition
[4.438s]  1072 | #define DCHECK_NOTNULL(val) (val)
[4.438s]       | 
[26.792s] [100%] [32m[1mLinking CXX shared library libsummercamp.so[0m
[27.681s] [100%] Built target summercamp
[27.694s] Invoked command in '/home/eric/桌面/summercamp/svar_summercamp/build/summercamp' returned '0': CONDA_PROMPT_MODIFIER=(ros2) /usr/bin/cmake --build /home/eric/桌面/summercamp/svar_summercamp/build/summercamp -- -j24 -l24
[27.724s] Invoking command in '/home/eric/桌面/summercamp/svar_summercamp/build/summercamp': CONDA_PROMPT_MODIFIER=(ros2) /usr/bin/cmake --install /home/eric/桌面/summercamp/svar_summercamp/build/summercamp
[27.728s] -- Install configuration: "Release"
[27.728s] -- Installing: /home/eric/桌面/summercamp/svar_summercamp/install/summercamp/lib/libsummercamp.so
[27.730s] -- Installing: /home/eric/桌面/summercamp/svar_summercamp/install/summercamp/bin/simulate
[27.730s] -- Installing: /home/eric/桌面/summercamp/svar_summercamp/install/summercamp/./data
[27.730s] -- Installing: /home/eric/桌面/summercamp/svar_summercamp/install/summercamp/./data/map.yaml
[27.745s] -- Installing: /home/eric/桌面/summercamp/svar_summercamp/install/summercamp/./data/C3.stl
[27.787s] -- Installing: /home/eric/桌面/summercamp/svar_summercamp/install/summercamp/./data/map.pgm
[27.807s] Invoked command in '/home/eric/桌面/summercamp/svar_summercamp/build/summercamp' returned '0': CONDA_PROMPT_MODIFIER=(ros2) /usr/bin/cmake --install /home/eric/桌面/summercamp/svar_summercamp/build/summercamp
